<?xml version="1.0" encoding="UTF-8"?>
<testsuite xmlns:xsi="http://www.w3.org/2001/XMLSchema-instance" xsi:noNamespaceSchemaLocation="https://maven.apache.org/surefire/maven-surefire-plugin/xsd/surefire-test-report-3.0.xsd" version="3.0" name="com.example.scheduler.TaskSchedulerTest" time="23.599" tests="2" errors="0" skipped="0" failures="0">
  <properties>
[...]
</properties>
  <testcase name="testCycleDetection" classname="com.example.scheduler.TaskSchedulerTest" time="0.902">
    <system-out><![CDATA[
  .   ____          _            __ _ _
 /\\ / ___'_ __ _ _(_)_ __  __ _ \ \ \ \
( ( )\___ | '_ | '_| | '_ \/ _` | \ \ \ \
 \\/  ___)| |_)| | | | | || (_| |  ) ) ) )
  '  |____| .__|_| |_|_| |_\__, | / / / /
 =========|_|==============|___/=/_/_/_/
 :: Spring Boot ::                (v3.2.5)

2025-06-26T00:02:44.018+05:30  INFO 95837 --- [           main] c.example.scheduler.TaskSchedulerTest    : Starting TaskSchedulerTest using Java 17.0.15 with PID 95837 (started by tanmesh in /home/tanmesh/Desktop/Advanced Dynamic Task Scheduler/task_scheduler)
2025-06-26T00:02:44.021+05:30  INFO 95837 --- [           main] c.example.scheduler.TaskSchedulerTest    : No active profile set, falling back to 1 default profile: "default"
2025-06-26T00:02:44.790+05:30  INFO 95837 --- [           main] .s.d.r.c.RepositoryConfigurationDelegate : Bootstrapping Spring Data JPA repositories in DEFAULT mode.
2025-06-26T00:02:44.856+05:30  INFO 95837 --- [           main] .s.d.r.c.RepositoryConfigurationDelegate : Finished Spring Data repository scanning in 56 ms. Found 1 JPA repository interface.
2025-06-26T00:02:45.382+05:30  INFO 95837 --- [           main] o.hibernate.jpa.internal.util.LogHelper  : HHH000204: Processing PersistenceUnitInfo [name: default]
2025-06-26T00:02:45.448+05:30  INFO 95837 --- [           main] org.hibernate.Version                    : HHH000412: Hibernate ORM core version 6.4.4.Final
2025-06-26T00:02:45.489+05:30  INFO 95837 --- [           main] o.h.c.internal.RegionFactoryInitiator    : HHH000026: Second-level cache disabled
2025-06-26T00:02:45.750+05:30  INFO 95837 --- [           main] o.s.o.j.p.SpringPersistenceUnitInfo      : No LoadTimeWeaver setup: ignoring JPA class transformer
2025-06-26T00:02:45.778+05:30  INFO 95837 --- [           main] com.zaxxer.hikari.HikariDataSource       : HikariPool-1 - Starting...
2025-06-26T00:02:46.001+05:30  INFO 95837 --- [           main] com.zaxxer.hikari.pool.HikariPool        : HikariPool-1 - Added connection conn0: url=jdbc:h2:file:./taskdb user=SA
2025-06-26T00:02:46.002+05:30  INFO 95837 --- [           main] com.zaxxer.hikari.HikariDataSource       : HikariPool-1 - Start completed.
2025-06-26T00:02:46.026+05:30  WARN 95837 --- [           main] org.hibernate.orm.deprecation            : HHH90000025: H2Dialect does not need to be specified explicitly using 'hibernate.dialect' (remove the property setting and it will be selected by default)
2025-06-26T00:02:46.841+05:30  INFO 95837 --- [           main] o.h.e.t.j.p.i.JtaPlatformInitiator       : HHH000489: No JTA platform available (set 'hibernate.transaction.jta.platform' to enable JTA platform integration)
2025-06-26T00:02:46.886+05:30  INFO 95837 --- [           main] j.LocalContainerEntityManagerFactoryBean : Initialized JPA EntityManagerFactory for persistence unit 'default'
2025-06-26T00:02:47.227+05:30  WARN 95837 --- [           main] JpaBaseConfiguration$JpaWebConfiguration : spring.jpa.open-in-view is enabled by default. Therefore, database queries may be performed during view rendering. Explicitly configure spring.jpa.open-in-view to disable this warning
2025-06-26T00:02:47.250+05:30  INFO 95837 --- [           main] o.s.b.a.w.s.WelcomePageHandlerMapping    : Adding welcome page: class path resource [static/index.html]
2025-06-26T00:02:47.580+05:30  INFO 95837 --- [           main] o.s.b.a.h2.H2ConsoleAutoConfiguration    : H2 console available at '/h2-console'. Database available at 'jdbc:h2:file:./taskdb'
2025-06-26T00:02:47.649+05:30  INFO 95837 --- [           main] c.example.scheduler.TaskSchedulerTest    : Started TaskSchedulerTest in 3.89 seconds (process running for 4.767)
Checking dependencies for taskD: taskC
Checking dependencies for taskC: taskD
Cycle detected at: taskD
Cycle detected for taskD: true
Checking dependencies for taskD: taskC
Checking dependencies for taskC: taskD
Cycle detected at: taskD
2025-06-26T00:02:48.351+05:30  INFO 95837 --- [           main] j.LocalContainerEntityManagerFactoryBean : Closing JPA EntityManagerFactory for persistence unit 'default'
2025-06-26T00:02:48.353+05:30  INFO 95837 --- [           main] com.zaxxer.hikari.HikariDataSource       : HikariPool-1 - Shutdown initiated...
2025-06-26T00:02:48.563+05:30  INFO 95837 --- [           main] com.zaxxer.hikari.HikariDataSource       : HikariPool-1 - Shutdown completed.
]]></system-out>
  </testcase>
  <testcase name="testTaskSubmission" classname="com.example.scheduler.TaskSchedulerTest" time="17.751">
    <system-out><![CDATA[
  .   ____          _            __ _ _
 /\\ / ___'_ __ _ _(_)_ __  __ _ \ \ \ \
( ( )\___ | '_ | '_| | '_ \/ _` | \ \ \ \
 \\/  ___)| |_)| | | | | || (_| |  ) ) ) )
  '  |____| .__|_| |_|_| |_\__, | / / / /
 =========|_|==============|___/=/_/_/_/
 :: Spring Boot ::                (v3.2.5)

2025-06-26T00:02:48.617+05:30  INFO 95837 --- [           main] c.example.scheduler.TaskSchedulerTest    : Starting TaskSchedulerTest using Java 17.0.15 with PID 95837 (started by tanmesh in /home/tanmesh/Desktop/Advanced Dynamic Task Scheduler/task_scheduler)
2025-06-26T00:02:48.617+05:30  INFO 95837 --- [           main] c.example.scheduler.TaskSchedulerTest    : No active profile set, falling back to 1 default profile: "default"
2025-06-26T00:02:48.786+05:30  INFO 95837 --- [           main] .s.d.r.c.RepositoryConfigurationDelegate : Bootstrapping Spring Data JPA repositories in DEFAULT mode.
2025-06-26T00:02:48.794+05:30  INFO 95837 --- [           main] .s.d.r.c.RepositoryConfigurationDelegate : Finished Spring Data repository scanning in 7 ms. Found 1 JPA repository interface.
2025-06-26T00:02:48.896+05:30  INFO 95837 --- [           main] o.hibernate.jpa.internal.util.LogHelper  : HHH000204: Processing PersistenceUnitInfo [name: default]
2025-06-26T00:02:48.899+05:30  INFO 95837 --- [           main] o.h.c.internal.RegionFactoryInitiator    : HHH000026: Second-level cache disabled
2025-06-26T00:02:48.903+05:30  INFO 95837 --- [           main] o.s.o.j.p.SpringPersistenceUnitInfo      : No LoadTimeWeaver setup: ignoring JPA class transformer
2025-06-26T00:02:48.905+05:30  INFO 95837 --- [           main] com.zaxxer.hikari.HikariDataSource       : HikariPool-2 - Starting...
2025-06-26T00:02:48.911+05:30  INFO 95837 --- [           main] com.zaxxer.hikari.pool.HikariPool        : HikariPool-2 - Added connection conn10: url=jdbc:h2:file:./taskdb user=SA
2025-06-26T00:02:48.912+05:30  INFO 95837 --- [           main] com.zaxxer.hikari.HikariDataSource       : HikariPool-2 - Start completed.
2025-06-26T00:02:48.913+05:30  WARN 95837 --- [           main] org.hibernate.orm.deprecation            : HHH90000025: H2Dialect does not need to be specified explicitly using 'hibernate.dialect' (remove the property setting and it will be selected by default)
2025-06-26T00:02:48.952+05:30  INFO 95837 --- [           main] o.h.e.t.j.p.i.JtaPlatformInitiator       : HHH000489: No JTA platform available (set 'hibernate.transaction.jta.platform' to enable JTA platform integration)
2025-06-26T00:02:48.955+05:30  INFO 95837 --- [           main] j.LocalContainerEntityManagerFactoryBean : Initialized JPA EntityManagerFactory for persistence unit 'default'
2025-06-26T00:02:49.036+05:30  WARN 95837 --- [           main] JpaBaseConfiguration$JpaWebConfiguration : spring.jpa.open-in-view is enabled by default. Therefore, database queries may be performed during view rendering. Explicitly configure spring.jpa.open-in-view to disable this warning
2025-06-26T00:02:49.045+05:30  INFO 95837 --- [           main] o.s.b.a.w.s.WelcomePageHandlerMapping    : Adding welcome page: class path resource [static/index.html]
2025-06-26T00:02:49.162+05:30  INFO 95837 --- [           main] o.s.b.a.h2.H2ConsoleAutoConfiguration    : H2 console available at '/h2-console'. Database available at 'jdbc:h2:file:./taskdb'
2025-06-26T00:02:49.196+05:30  INFO 95837 --- [           main] c.example.scheduler.TaskSchedulerTest    : Started TaskSchedulerTest in 0.62 seconds (process running for 6.314)
Checking dependencies for task1: 
Executing task: task1
Checking dependencies for task2: task1
Checking dependencies for task1: 
Executing task: task2
Checking dependencies for task3: task2
Checking dependencies for task2: task1
Checking dependencies for task1: 
Checking dependencies for task4: task3
Checking dependencies for task3: task2
Checking dependencies for task2: task1
Checking dependencies for task1: 
Checking dependencies for task5: 
Checking dependencies for task6: task5
Checking dependencies for task5: 
Checking dependencies for task7: task6
Checking dependencies for task6: task5
Checking dependencies for task5: 
Checking dependencies for task8: 
Checking dependencies for task9: task8
Checking dependencies for task8: 
Checking dependencies for task10: task9
Checking dependencies for task9: task8
Checking dependencies for task8: 
Executing task: task3
Executing task: task4
Executing task: task5
Executing task: task6
Executing task: task7
Executing task: task8
Executing task: task9
Executing task: task10
2025-06-26T00:03:06.742+05:30  INFO 95837 --- [           main] j.LocalContainerEntityManagerFactoryBean : Closing JPA EntityManagerFactory for persistence unit 'default'
2025-06-26T00:03:06.744+05:30  INFO 95837 --- [           main] com.zaxxer.hikari.HikariDataSource       : HikariPool-2 - Shutdown initiated...
2025-06-26T00:03:06.950+05:30  INFO 95837 --- [           main] com.zaxxer.hikari.HikariDataSource       : HikariPool-2 - Shutdown completed.
]]></system-out>
  </testcase>
</testsuite>